<?xml version="1.0" encoding="UTF-8"?>
<testng-results ignored="0" total="1" passed="1" failed="0" skipped="0">
  <reporter-output>
  </reporter-output>
  <suite started-at="2021-08-03T02:45:07 IST" name="Default suite" finished-at="2021-08-03T02:45:32 IST" duration-ms="24652">
    <groups>
    </groups>
    <test started-at="2021-08-03T02:45:07 IST" name="Default test" finished-at="2021-08-03T02:45:32 IST" duration-ms="24652">
      <class name="Test_Package.Program">
        <test-method is-config="true" signature="setup()[pri:0, instance:Test_Package.Program@2bbf180e]" started-at="2021-08-03T02:45:07 IST" name="setup" finished-at="2021-08-03T02:45:11 IST" duration-ms="3583" status="PASS">
          <reporter-output>
          </reporter-output>
        </test-method> <!-- setup -->
        <test-method signature="website()[pri:0, instance:Test_Package.Program@2bbf180e]" started-at="2021-08-03T02:45:11 IST" name="website" finished-at="2021-08-03T02:45:31 IST" duration-ms="19916" status="PASS">
          <reporter-output>
          </reporter-output>
        </test-method> <!-- website -->
        <test-method is-config="true" signature="ending()[pri:0, instance:Test_Package.Program@2bbf180e]" started-at="2021-08-03T02:45:31 IST" name="ending" finished-at="2021-08-03T02:45:32 IST" duration-ms="1070" status="PASS">
          <reporter-output>
          </reporter-output>
        </test-method> <!-- ending -->
      </class> <!-- Test_Package.Program -->
    </test> <!-- Default test -->
  </suite> <!-- Default suite -->
</testng-results>
